============================================================
Time  2021/01/26 14:39:07 205 
============================================================
[2021/01/26 14:39:07 206] lgi        684  SYS_MSG_LOAD  
[2021/01/26 14:39:07 208] lgi        706  SYS_MSG_REGCB  msp_status_cb  func(b0013960) 
[2021/01/26 14:39:07 209] lgi        298  LGI_MSG_INIT  
[2021/01/26 14:39:07 209] lgi        305  lgi  lgi_  268436457  1573451739  
[2021/01/26 14:39:07 210] lgi        347  work_dir  .  
[2021/01/26 14:39:07 210] lgi        403  token:  nil  
[2021/01/26 14:39:07 210] lgi        476  msc cver : 5.0.44.1288  
[2021/01/26 14:39:07 212] lgi        519  ns_enable=  1  
[2021/01/26 14:39:07 212] lgi        531  prot_ver=1  
[2021/01/26 14:39:07 213] lgi        542  prot_type=tcp  
[2021/01/26 14:39:07 214] lgi        693  SYS_MSG_UNLOAD  go bg!  
[2021/01/26 14:39:07 236] lgi        598  LGI_MSG_START, caller =  ctts1PdHHBHAwSvC4f13aakAtkQX1x6C8a  
[2021/01/26 14:39:07 236] lgi        604  lgistat =   0  
[2021/01/26 14:39:07 236] lgi        630  lgi_auth_id =  nil  
[2021/01/26 14:39:07 237] config     91   select default  
[2021/01/26 14:39:07 237] config     113  use general cloud  
[2021/01/26 14:39:07 237] transport  645  paramkvsport is   0  
[2021/01/26 14:39:07 237] transport  657  ns_enable=  1  
[2021/01/26 14:39:07 238] transport  659  2017-08--24 is_ns_need_close =   nil  
[2021/01/26 14:39:07 238] transport  665  net.nettype=  unknown  
[2021/01/26 14:39:07 238] transport  675  url.full=  nil  
[2021/01/26 14:39:07 239] transport  680  server_url_host=, server_url_port=, server_url_path=  open.xf-yun.com  nil  /msp.do  
[2021/01/26 14:39:07 239] transport  907  net type:  unknown  
[2021/01/26 14:39:07 239] transport  908  net operator:  def  
[2021/01/26 14:39:07 239] transport  909  use proxy:  false  
[2021/01/26 14:39:07 239] lgi        277  [session] send lgi request  
[2021/01/26 14:39:07 239] transport  1105 session.domain=  open.xf-yun.com  
[2021/01/26 14:39:07 240] transport  1106 url.host=  open.xf-yun.com  
[2021/01/26 14:39:07 240] transport  1083 NAMESERVER START  
[2021/01/26 14:39:07 240] transport  1086 name =   ath  
[2021/01/26 14:39:07 240] ns         634  ntt=  unknown  
[2021/01/26 14:39:07 241] transport  1089 trans,ns_inprog =  0  
[2021/01/26 14:39:07 241] ns         582  name server start  
[2021/01/26 14:39:07 241] ns         588  ns_sub =   ath  
[2021/01/26 14:39:07 242] ns         596  ns_host =   open.xf-yun.com  
[2021/01/26 14:39:07 242] ns         475  ns_host=  open.xf-yun.com  
[2021/01/26 14:39:07 242] ns         555  net_type =  standard  
[2021/01/26 14:39:07 242] ns         556  cmwapascmnet =  
[2021/01/26 14:39:07 242] ns         557  uniwapasuninet =  
[2021/01/26 14:39:07 243] ns         558  ctwapasctnet =  
[2021/01/26 14:39:07 243] ns         576  host=  hdns.xf-yun.com  
[2021/01/26 14:39:07 243] network    263  gethostbyname  hdns.xf-yun.com  ns1  
[2021/01/26 14:39:07 244] lgi        244  lver:  nil  
[2021/01/26 14:39:07 244] lgi        249  cfg_ver:  nil  
[2021/01/26 14:39:07 244] transport  1860 transport_obj.send | in  
[2021/01/26 14:39:07 244] transport  1866 self.msg_flag_q  table(b0043e70) 
[2021/01/26 14:39:07 245] transport  1867 self.msg_q  table(b0043e20) 
[2021/01/26 14:39:07 245] transport  1799 transport_obj.try2send | in  
[2021/01/26 14:39:07 246] transport  1800 self.soc  nil  
[2021/01/26 14:39:07 246] transport  1801 self.connected  false  
[2021/01/26 14:39:07 246] transport  1802 self.latesterr  0  
[2021/01/26 14:39:07 246] transport  1873 transport_obj.send | out  
[2021/01/26 14:39:10 246] transport  309  [dns] [1] timeout!   
[2021/01/26 14:39:10 246] transport  77   dns_failed  
[2021/01/26 14:39:10 246] network    90   ipfromenv ,  ipcache  open.xf-yun.com  def  nil  
[2021/01/26 14:39:10 246] network    90   ipfromenv ,  ipcfg  open.xf-yun.com  def  nil  
[2021/01/26 14:39:10 246] transport  1304 [soc] connect   42.62.116.18  1028  
[2021/01/26 14:39:10 247] transport  1316 mspsoc.open,prot_type=  tcp  
[2021/01/26 14:39:10 249] network    231  dns timeout!  ns1  
[2021/01/26 14:39:10 249] ns         454  ns dns failed, err =   10114  
[2021/01/26 14:39:10 249] network    445  gethttpresp2  42.62.116.18  80  ns2  
[2021/01/26 14:39:10 250] network    465  prot_type  tcp  
[2021/01/26 14:39:10 305] transport  473  [soc] [1] connected  
[2021/01/26 14:39:10 305] transport  1799 transport_obj.try2send | in  
[2021/01/26 14:39:10 305] transport  1800 self.soc  udata(b0029958) 
[2021/01/26 14:39:10 305] transport  1801 self.connected  true  
[2021/01/26 14:39:10 307] transport  1802 self.latesterr  0  
[2021/01/26 14:39:10 307] transport  1819 transport:try2send,#msg_q=  1  
[2021/01/26 14:39:10 307] transport  1359 build http request.  
[2021/01/26 14:39:10 308] transport  1476 POST /msp.do HTTP/1.1
X-Sub: auth
X-Par: ver=MSSP+0%2E9&sub=auth&cmd=lgi&cver=5%2E0%2E44%2E1288&key=08ZNVrB3I9EMk=
Host: open.xf-yun.com
CT: multipart/mixed;boundary=--
CL: 291

----
Content-Length:56
Content-Type:text/appinfo
Content-Encoding:gzip,encrypt/0.2

^èõ«ÁiWòÅx{yÉ}  
[2021/01/26 14:39:10 317] transport  1819 transport:try2send,#msg_q=  0  
[2021/01/26 14:39:10 318] transport  482  [soc] [1] send ok  476  
[2021/01/26 14:39:10 318] transport  1799 transport_obj.try2send | in  
[2021/01/26 14:39:10 318] transport  1800 self.soc  udata(b0029958) 
[2021/01/26 14:39:10 318] transport  1801 self.connected  true  
[2021/01/26 14:39:10 318] transport  1802 self.latesterr  0  
[2021/01/26 14:39:10 318] transport  1819 transport:try2send,#msg_q=  0  
[2021/01/26 14:39:10 339] network    350  connected  ns2  
[2021/01/26 14:39:10 342] network    353  send ok  268  ns2  
[2021/01/26 14:39:10 361] transport  494  [soc] [1] readable  
[2021/01/26 14:39:10 362] transport  1767 HTTP/1.1 200 OK
Content-Length: 1
X-Req-Date: 2021/01/26 14:39:17 169
X-Par: ver=MSSP+0%2E9&ret=10407&cver=5%2E0%2E44%2E1288&key=09it3AhJQGaoFauj4I6EDwtlzfd3/ZBr9fYxtLYj2qSTXH94V0NfscWg==
CT: text/plain
CL: 1
Content-Length: 1
X-Res-Date: 2021/01/26 14:39:17 175

0  
[2021/01/26 14:39:10 362] transport  1494 a_complete_httpmessage  200  
[2021/01/26 14:39:10 362] transport  1604 is_update  false  
[2021/01/26 14:39:10 362] lgi        105  [trans] [id = lgi_] readable  
[2021/01/26 14:39:10 363] network    90   ipfromenv ,  ipcache  open.xf-yun.com  def  nil  
[2021/01/26 14:39:10 363] transport  972  iplist not avail  
[2021/01/26 14:39:10 363] transport  1332 [soc] disconnect   
[2021/01/26 14:39:10 363] transport  991  transport clean  
[2021/01/26 14:39:10 363] lgi        163  [mssp] bad response : 10407  
[2021/01/26 14:39:10 363] lgi        75   notify_lgi_result, ret = 10407  
============================================================
Time  2021/01/26 14:41:18 145 
============================================================
[2021/01/26 14:41:18 146] lgi        684  SYS_MSG_LOAD  
[2021/01/26 14:41:18 147] lgi        706  SYS_MSG_REGCB  msp_status_cb  func(70013750) 
[2021/01/26 14:41:18 148] lgi        298  LGI_MSG_INIT  
[2021/01/26 14:41:18 148] lgi        305  lgi  lgi_  268436457  1573451739  
[2021/01/26 14:41:18 148] lgi        347  work_dir  .  
[2021/01/26 14:41:18 148] lgi        403  token:  nil  
[2021/01/26 14:41:18 149] lgi        476  msc cver : 5.0.44.1288  
[2021/01/26 14:41:18 149] lgi        519  ns_enable=  1  
[2021/01/26 14:41:18 149] lgi        531  prot_ver=1  
[2021/01/26 14:41:18 149] lgi        542  prot_type=tcp  
[2021/01/26 14:41:18 151] lgi        693  SYS_MSG_UNLOAD  go bg!  
[2021/01/26 14:41:22 917] lgi        697  SYS_MSG_SHUTDOWN  
============================================================
Time  2021/01/26 14:41:47 157 
============================================================
[2021/01/26 14:41:47 158] lgi        684  SYS_MSG_LOAD  
[2021/01/26 14:41:47 159] lgi        706  SYS_MSG_REGCB  msp_status_cb  func(84013750) 
[2021/01/26 14:41:47 160] lgi        298  LGI_MSG_INIT  
[2021/01/26 14:41:47 160] lgi        305  lgi  lgi_  268436457  1573451739  
[2021/01/26 14:41:47 160] lgi        347  work_dir  .  
[2021/01/26 14:41:47 160] lgi        403  token:  nil  
[2021/01/26 14:41:47 160] lgi        476  msc cver : 5.0.44.1288  
[2021/01/26 14:41:47 161] lgi        519  ns_enable=  1  
[2021/01/26 14:41:47 161] lgi        531  prot_ver=1  
[2021/01/26 14:41:47 161] lgi        542  prot_type=tcp  
[2021/01/26 14:41:47 162] lgi        693  SYS_MSG_UNLOAD  go bg!  
[2021/01/26 14:41:51 735] lgi        697  SYS_MSG_SHUTDOWN  
============================================================
Time  2021/01/26 14:44:22 364 
============================================================
[2021/01/26 14:44:22 364] lgi        684  SYS_MSG_LOAD  
[2021/01/26 14:44:22 367] lgi        706  SYS_MSG_REGCB  msp_status_cb  func(e8013750) 
[2021/01/26 14:44:22 368] lgi        298  LGI_MSG_INIT  
[2021/01/26 14:44:22 368] lgi        305  lgi  lgi_  268436457  1573451739  
[2021/01/26 14:44:22 368] lgi        347  work_dir  .  
[2021/01/26 14:44:22 369] lgi        403  token:  nil  
[2021/01/26 14:44:22 371] lgi        476  msc cver : 5.0.44.1288  
[2021/01/26 14:44:22 371] lgi        519  ns_enable=  1  
[2021/01/26 14:44:22 372] lgi        531  prot_ver=1  
[2021/01/26 14:44:22 372] lgi        542  prot_type=tcp  
[2021/01/26 14:44:22 373] lgi        693  SYS_MSG_UNLOAD  go bg!  
[2021/01/26 14:44:25 628] lgi        697  SYS_MSG_SHUTDOWN  
============================================================
Time  2021/02/05 00:37:12 586 
============================================================
[2021/02/05 00:37:12 587] lgi        684  SYS_MSG_LOAD  
[2021/02/05 00:37:12 592] lgi        706  SYS_MSG_REGCB  msp_status_cb  func(a40136b0) 
[2021/02/05 00:37:12 597] lgi        298  LGI_MSG_INIT  
[2021/02/05 00:37:12 598] lgi        305  lgi  lgi_  268436457  1573451739  
[2021/02/05 00:37:12 600] lgi        347  work_dir  .  
[2021/02/05 00:37:12 600] lgi        403  token:  nil  
[2021/02/05 00:37:12 602] lgi        476  msc cver : 5.0.44.1288  
[2021/02/05 00:37:12 604] lgi        519  ns_enable=  1  
[2021/02/05 00:37:12 605] lgi        531  prot_ver=1  
[2021/02/05 00:37:12 606] lgi        542  prot_type=tcp  
[2021/02/05 00:37:12 610] lgi        693  SYS_MSG_UNLOAD  go bg!  
[2021/02/05 00:37:20 159] lgi        697  SYS_MSG_SHUTDOWN  
